<?xml version="1.0" encoding="UTF-8"?>
<!-- Generated by org.testng.reporters.JUnitReportReporter -->
<testsuite skipped="0" hostname="HomePc-PC" name="com.testng.TestNG.Annotations" tests="2" failures="0" timestamp="03 Aug 2019 06:08:57 GMT" time="0.036" errors="0">
  <testcase name="test1" time="0.027" classname="com.testng.TestNG.Annotations"/>
  <testcase name="test2" time="0.009" classname="com.testng.TestNG.Annotations"/>
</testsuite> <!-- com.testng.TestNG.Annotations -->
